<?xml version="1.0" encoding="UTF-8"?>
<coverage generated="1619398330306" clover="3.2.0">
  <project timestamp="1619398330306" name="All files">
    <metrics statements="29" coveredstatements="29" conditionals="4" coveredconditionals="4" methods="10" coveredmethods="10" elements="43" coveredelements="43" complexity="0" loc="29" ncloc="29" packages="1" files="1" classes="1"/>
    <file name="functions.js" path="C:\Users\seba\Desktop\QA\week-12\functions.js">
      <metrics statements="29" coveredstatements="29" conditionals="4" coveredconditionals="4" methods="10" coveredmethods="10"/>
      <line num="2" count="9" type="stmt"/>
      <line num="3" count="2" type="stmt"/>
      <line num="6" count="9" type="stmt"/>
      <line num="7" count="2" type="stmt"/>
      <line num="10" count="9" type="stmt"/>
      <line num="11" count="2" type="stmt"/>
      <line num="14" count="9" type="stmt"/>
      <line num="15" count="2" type="stmt"/>
      <line num="18" count="9" type="stmt"/>
      <line num="19" count="3" type="cond" truecount="2" falsecount="0"/>
      <line num="20" count="1" type="stmt"/>
      <line num="22" count="2" type="stmt"/>
      <line num="26" count="9" type="stmt"/>
      <line num="27" count="3" type="cond" truecount="2" falsecount="0"/>
      <line num="28" count="3" type="stmt"/>
      <line num="29" count="3" type="stmt"/>
      <line num="30" count="21" type="stmt"/>
      <line num="32" count="3" type="stmt"/>
      <line num="36" count="9" type="stmt"/>
      <line num="37" count="2" type="stmt"/>
      <line num="40" count="9" type="stmt"/>
      <line num="42" count="6" type="stmt"/>
      <line num="44" count="3" type="stmt"/>
      <line num="47" count="9" type="stmt"/>
      <line num="48" count="2" type="stmt"/>
      <line num="49" count="2" type="stmt"/>
      <line num="50" count="2" type="stmt"/>
      <line num="51" count="1" type="stmt"/>
      <line num="53" count="2" type="stmt"/>
    </file>
  </project>
</coverage>
