<?xml version="1.0" encoding="UTF-8"?>
<coverage generated="1619393695504" clover="3.2.0">
  <project timestamp="1619393695504" name="All files">
    <metrics statements="18" coveredstatements="18" conditionals="4" coveredconditionals="4" methods="6" coveredmethods="6" elements="28" coveredelements="28" complexity="0" loc="18" ncloc="18" packages="1" files="1" classes="1"/>
    <file name="functions.js" path="C:\Users\seba\Desktop\QA\week-12\functions.js">
      <metrics statements="18" coveredstatements="18" conditionals="4" coveredconditionals="4" methods="6" coveredmethods="6"/>
      <line num="2" count="6" type="stmt"/>
      <line num="3" count="2" type="stmt"/>
      <line num="6" count="6" type="stmt"/>
      <line num="7" count="2" type="stmt"/>
      <line num="10" count="6" type="stmt"/>
      <line num="11" count="2" type="stmt"/>
      <line num="14" count="6" type="stmt"/>
      <line num="15" count="2" type="stmt"/>
      <line num="18" count="6" type="stmt"/>
      <line num="19" count="3" type="cond" truecount="2" falsecount="0"/>
      <line num="20" count="1" type="stmt"/>
      <line num="22" count="2" type="stmt"/>
      <line num="26" count="6" type="stmt"/>
      <line num="27" count="3" type="cond" truecount="2" falsecount="0"/>
      <line num="28" count="3" type="stmt"/>
      <line num="29" count="3" type="stmt"/>
      <line num="30" count="21" type="stmt"/>
      <line num="32" count="3" type="stmt"/>
    </file>
  </project>
</coverage>
