{"C:\\Users\\seba\\Desktop\\QA\\week-12\\functions.js": {"path":"C:\\Users\\seba\\Desktop\\QA\\week-12\\functions.js","statementMap":{"0":{"start":{"line":2,"column":14},"end":{"line":4,"column":1}},"1":{"start":{"line":3,"column":4},"end":{"line":3,"column":15}},"2":{"start":{"line":6,"column":13},"end":{"line":8,"column":1}},"3":{"start":{"line":7,"column":0},"end":{"line":7,"column":13}},"4":{"start":{"line":10,"column":14},"end":{"line":12,"column":1}},"5":{"start":{"line":11,"column":0},"end":{"line":11,"column":13}},"6":{"start":{"line":14,"column":23},"end":{"line":16,"column":1}},"7":{"start":{"line":15,"column":0},"end":{"line":15,"column":25}},"8":{"start":{"line":18,"column":17},"end":{"line":24,"column":1}},"9":{"start":{"line":19,"column":4},"end":{"line":23,"column":5}},"10":{"start":{"line":20,"column":8},"end":{"line":20,"column":43}},"11":{"start":{"line":22,"column":8},"end":{"line":22,"column":23}}},"fnMap":{"0":{"name":"(anonymous_0)","decl":{"start":{"line":2,"column":14},"end":{"line":2,"column":15}},"loc":{"start":{"line":2,"column":24},"end":{"line":4,"column":1}},"line":2},"1":{"name":"(anonymous_1)","decl":{"start":{"line":6,"column":13},"end":{"line":6,"column":14}},"loc":{"start":{"line":6,"column":23},"end":{"line":8,"column":1}},"line":6},"2":{"name":"(anonymous_2)","decl":{"start":{"line":10,"column":14},"end":{"line":10,"column":15}},"loc":{"start":{"line":10,"column":24},"end":{"line":12,"column":1}},"line":10},"3":{"name":"(anonymous_3)","decl":{"start":{"line":14,"column":23},"end":{"line":14,"column":24}},"loc":{"start":{"line":14,"column":45},"end":{"line":16,"column":1}},"line":14},"4":{"name":"(anonymous_4)","decl":{"start":{"line":18,"column":17},"end":{"line":18,"column":18}},"loc":{"start":{"line":18,"column":29},"end":{"line":24,"column":1}},"line":18}},"branchMap":{"0":{"loc":{"start":{"line":19,"column":4},"end":{"line":23,"column":5}},"type":"if","locations":[{"start":{"line":19,"column":4},"end":{"line":23,"column":5}},{"start":{"line":19,"column":4},"end":{"line":23,"column":5}}],"line":19}},"s":{"0":5,"1":2,"2":5,"3":2,"4":5,"5":2,"6":5,"7":2,"8":5,"9":3,"10":1,"11":2},"f":{"0":2,"1":2,"2":2,"3":2,"4":3},"b":{"0":[1,2]},"_coverageSchema":"1a1c01bbd47fc00a2c39e90264f33305004495a9","hash":"7edb10992d12172ce25c59b2208b9a2bd0f7deab"}
}
