TN:
SF:functions.js
FN:2,(anonymous_0)
FN:6,(anonymous_1)
FN:10,(anonymous_2)
FN:14,(anonymous_3)
FN:18,(anonymous_4)
FN:26,(anonymous_5)
FNF:6
FNH:6
FNDA:2,(anonymous_0)
FNDA:2,(anonymous_1)
FNDA:2,(anonymous_2)
FNDA:2,(anonymous_3)
FNDA:3,(anonymous_4)
FNDA:3,(anonymous_5)
DA:2,6
DA:3,2
DA:6,6
DA:7,2
DA:10,6
DA:11,2
DA:14,6
DA:15,2
DA:18,6
DA:19,3
DA:20,1
DA:22,2
DA:26,6
DA:27,3
DA:28,3
DA:29,3
DA:30,21
DA:32,3
LF:18
LH:18
BRDA:19,0,0,1
BRDA:19,0,1,2
BRDA:27,1,0,1
BRDA:27,1,1,2
BRF:4
BRH:4
end_of_record
