TN:
SF:functions.js
FN:2,(anonymous_0)
FN:6,(anonymous_1)
FN:10,(anonymous_2)
FN:14,(anonymous_3)
FN:18,(anonymous_4)
FN:26,(anonymous_5)
FN:36,(anonymous_6)
FN:40,(anonymous_7)
FN:41,square
FN:47,(anonymous_9)
FNF:10
FNH:10
FNDA:3,(anonymous_0)
FNDA:2,(anonymous_1)
FNDA:4,(anonymous_2)
FNDA:2,(anonymous_3)
FNDA:3,(anonymous_4)
FNDA:3,(anonymous_5)
FNDA:2,(anonymous_6)
FNDA:3,(anonymous_7)
FNDA:6,square
FNDA:2,(anonymous_9)
DA:2,9
DA:3,3
DA:6,9
DA:7,2
DA:10,9
DA:11,4
DA:14,9
DA:15,2
DA:18,9
DA:19,3
DA:20,1
DA:22,2
DA:26,9
DA:27,3
DA:28,3
DA:29,3
DA:30,21
DA:32,3
DA:36,9
DA:37,2
DA:40,9
DA:42,6
DA:44,3
DA:47,9
DA:48,2
DA:49,2
DA:50,2
DA:51,1
DA:53,2
LF:29
LH:29
BRDA:19,0,0,1
BRDA:19,0,1,2
BRDA:27,1,0,1
BRDA:27,1,1,2
BRF:4
BRH:4
end_of_record
